# JRE version: OpenJDK Runtime Environment Microsoft-13106404 (21.0.10+7) (build 21.0.10+7-LTS)
# Java VM: OpenJDK 64-Bit Server VM Microsoft-13106404 (21.0.10+7-LTS, mixed mode, emulated-client, sharing, tiered, compressed oops, compressed class ptrs, g1 gc, windows-amd64)
GC Precious Log:
 CardTable entry size: 512
 Card Set container configuration: InlinePtr #cards 4 size 8 Array Of Cards #cards 16 size 48 Howl #buckets 8 coarsen threshold 3686 Howl Bitmap #cards 512 size 80 coarsen threshold 460 Card regions per heap region 1 cards per card region 4096
 CPUs: 8 total, 8 available
 Memory: 16108M
 Large Page Support: Disabled
 NUMA Support: Disabled
 Compressed Oops: Enabled (Zero based)
 Heap Region Size: 2M
 Heap Min Capacity: 8M
 Heap Initial Capacity: 252M
 Heap Max Capacity: 4028M
 Pre-touch: Disabled
 Parallel Workers: 8
 Concurrent Workers: 2
 Concurrent Refinement Workers: 8
 Periodic GC: Disabled
Heap:
 garbage-first heap   total 98304K, used 79672K [0x0000000704400000, 0x0000000800000000)
  region size 2048K, 24 young (49152K), 2 survivors (4096K)
 Metaspace       used 68736K, committed 69824K, reserved 1114112K
  class space    used 9104K, committed 9600K, reserved 1048576K
GC Heap History (20 events):
Event: 1.914 GC heap after
{Heap after GC invocations=5 (full 0):
 garbage-first heap   total 49152K, used 13587K [0x0000000704400000, 0x0000000800000000)
  region size 2048K, 2 young (4096K), 2 survivors (4096K)
 Metaspace       used 22888K, committed 23424K, reserved 1114112K
  class space    used 3109K, committed 3392K, reserved 1048576K
}
Event: 2.182 GC heap before
{Heap before GC invocations=5 (full 0):
 garbage-first heap   total 49152K, used 32019K [0x0000000704400000, 0x0000000800000000)
  region size 2048K, 11 young (22528K), 2 survivors (4096K)
 Metaspace       used 23501K, committed 24000K, reserved 1114112K
  class space    used 3214K, committed 3456K, reserved 1048576K
}
Event: 2.186 GC heap after
{Heap after GC invocations=6 (full 0):
 garbage-first heap   total 49152K, used 14990K [0x0000000704400000, 0x0000000800000000)
  region size 2048K, 2 young (4096K), 2 survivors (4096K)
 Metaspace       used 23501K, committed 24000K, reserved 1114112K
  class space    used 3214K, committed 3456K, reserved 1048576K
}
Event: 2.563 GC heap before
{Heap before GC invocations=6 (full 0):
 garbage-first heap   total 49152K, used 37518K [0x0000000704400000, 0x0000000800000000)
  region size 2048K, 13 young (26624K), 2 survivors (4096K)
 Metaspace       used 25842K, committed 26368K, reserved 1114112K
  class space    used 3577K, committed 3840K, reserved 1048576K
}
Event: 2.567 GC heap after
{Heap after GC invocations=7 (full 0):
 garbage-first heap   total 49152K, used 16740K [0x0000000704400000, 0x0000000800000000)
  region size 2048K, 2 young (4096K), 2 survivors (4096K)
 Metaspace       used 25842K, committed 26368K, reserved 1114112K
  class space    used 3577K, committed 3840K, reserved 1048576K
}
Event: 2.952 GC heap before
{Heap before GC invocations=7 (full 0):
 garbage-first heap   total 49152K, used 37220K [0x0000000704400000, 0x0000000800000000)
  region size 2048K, 12 young (24576K), 2 survivors (4096K)
 Metaspace       used 29139K, committed 29760K, reserved 1114112K
  class space    used 4058K, committed 4352K, reserved 1048576K
}
Event: 2.958 GC heap after
{Heap after GC invocations=8 (full 0):
 garbage-first heap   total 153600K, used 18757K [0x0000000704400000, 0x0000000800000000)
  region size 2048K, 2 young (4096K), 2 survivors (4096K)
 Metaspace       used 29139K, committed 29760K, reserved 1114112K
  class space    used 4058K, committed 4352K, reserved 1048576K
}
Event: 3.679 GC heap before
{Heap before GC invocations=8 (full 0):
 garbage-first heap   total 153600K, used 59717K [0x0000000704400000, 0x0000000800000000)
  region size 2048K, 24 young (49152K), 2 survivors (4096K)
 Metaspace       used 35449K, committed 36096K, reserved 1114112K
  class space    used 4881K, committed 5184K, reserved 1048576K
}
Event: 3.686 GC heap after
{Heap after GC invocations=9 (full 0):
 garbage-first heap   total 153600K, used 22359K [0x0000000704400000, 0x0000000800000000)
  region size 2048K, 4 young (8192K), 4 survivors (8192K)
 Metaspace       used 35449K, committed 36096K, reserved 1114112K
  class space    used 4881K, committed 5184K, reserved 1048576K
}
Event: 4.229 GC heap before
{Heap before GC invocations=10 (full 0):
 garbage-first heap   total 81920K, used 63319K [0x0000000704400000, 0x0000000800000000)
  region size 2048K, 24 young (49152K), 4 survivors (8192K)
 Metaspace       used 43160K, committed 43904K, reserved 1114112K
  class space    used 5889K, committed 6208K, reserved 1048576K
}
Event: 4.235 GC heap after
{Heap after GC invocations=11 (full 0):
 garbage-first heap   total 81920K, used 25022K [0x0000000704400000, 0x0000000800000000)
  region size 2048K, 2 young (4096K), 2 survivors (4096K)
 Metaspace       used 43160K, committed 43904K, reserved 1114112K
  class space    used 5889K, committed 6208K, reserved 1048576K
}
Event: 5.005 GC heap before
{Heap before GC invocations=11 (full 0):
 garbage-first heap   total 81920K, used 65982K [0x0000000704400000, 0x0000000800000000)
  region size 2048K, 22 young (45056K), 2 survivors (4096K)
 Metaspace       used 48198K, committed 48960K, reserved 1114112K
  class space    used 6709K, committed 7040K, reserved 1048576K
}
Event: 5.010 GC heap after
{Heap after GC invocations=12 (full 0):
 garbage-first heap   total 81920K, used 28799K [0x0000000704400000, 0x0000000800000000)
  region size 2048K, 3 young (6144K), 3 survivors (6144K)
 Metaspace       used 48198K, committed 48960K, reserved 1114112K
  class space    used 6709K, committed 7040K, reserved 1048576K
}
Event: 6.510 GC heap before
{Heap before GC invocations=12 (full 0):
 garbage-first heap   total 81920K, used 65663K [0x0000000704400000, 0x0000000800000000)
  region size 2048K, 22 young (45056K), 3 survivors (6144K)
 Metaspace       used 57230K, committed 58112K, reserved 1114112K
  class space    used 7845K, committed 8192K, reserved 1048576K
}
Event: 6.517 GC heap after
{Heap after GC invocations=13 (full 0):
 garbage-first heap   total 81920K, used 33486K [0x0000000704400000, 0x0000000800000000)
  region size 2048K, 3 young (6144K), 3 survivors (6144K)
 Metaspace       used 57230K, committed 58112K, reserved 1114112K
  class space    used 7845K, committed 8192K, reserved 1048576K
}
Event: 10.816 GC heap before
{Heap before GC invocations=13 (full 0):
 garbage-first heap   total 81920K, used 43726K [0x0000000704400000, 0x0000000800000000)
  region size 2048K, 10 young (20480K), 3 survivors (6144K)
 Metaspace       used 59507K, committed 60416K, reserved 1114112K
  class space    used 8142K, committed 8512K, reserved 1048576K
}
Event: 10.820 GC heap after
{Heap after GC invocations=14 (full 0):
 garbage-first heap   total 81920K, used 34431K [0x0000000704400000, 0x0000000800000000)
  region size 2048K, 1 young (2048K), 1 survivors (2048K)
 Metaspace       used 59507K, committed 60416K, reserved 1114112K
  class space    used 8142K, committed 8512K, reserved 1048576K
}
Event: 11.740 GC heap before
{Heap before GC invocations=15 (full 0):
 garbage-first heap   total 81920K, used 67199K [0x0000000704400000, 0x0000000800000000)
  region size 2048K, 18 young (36864K), 1 survivors (2048K)
 Metaspace       used 66367K, committed 67328K, reserved 1114112K
  class space    used 8802K, committed 9216K, reserved 1048576K
}
Event: 11.744 GC heap after
{Heap after GC invocations=16 (full 0):
 garbage-first heap   total 98304K, used 36664K [0x0000000704400000, 0x0000000800000000)
  region size 2048K, 2 young (4096K), 2 survivors (4096K)
 Metaspace       used 66367K, committed 67328K, reserved 1114112K
  class space    used 8802K, committed 9216K, reserved 1048576K
}
Event: 348.021 GC heap before
{Heap before GC invocations=16 (full 0):
 garbage-first heap   total 98304K, used 79672K [0x0000000704400000, 0x0000000800000000)
  region size 2048K, 24 young (49152K), 2 survivors (4096K)
 Metaspace       used 68736K, committed 69824K, reserved 1114112K
  class space    used 9104K, committed 9600K, reserved 1048576K
}

